<?xml version="1.0" encoding="UTF-8"?>
<testng-results skipped="0" failed="0" total="23" passed="23">
  <reporter-output>
  </reporter-output>
  <suite name="Default suite" duration-ms="2033" started-at="2015-12-06T05:30:22Z" finished-at="2015-12-06T05:30:24Z">
    <groups>
    </groups>
    <test name="Default test" duration-ms="2033" started-at="2015-12-06T05:30:22Z" finished-at="2015-12-06T05:30:24Z">
      <class name="com.dongduong.springmvc.test.dao.EmployeeDaoImplTest">
        <test-method status="PASS" signature="springTestContextBeforeTestClass()[pri:0, instance:com.dongduong.springmvc.test.dao.EmployeeDaoImplTest@694c68ff]" name="springTestContextBeforeTestClass" is-config="true" duration-ms="8" started-at="2015-12-06T12:30:22Z" finished-at="2015-12-06T12:30:22Z">
          <reporter-output>
          </reporter-output>
        </test-method> <!-- springTestContextBeforeTestClass -->
        <test-method status="PASS" signature="springTestContextPrepareTestInstance()[pri:0, instance:com.dongduong.springmvc.test.dao.EmployeeDaoImplTest@694c68ff]" name="springTestContextPrepareTestInstance" is-config="true" duration-ms="1381" started-at="2015-12-06T12:30:22Z" depends-on-methods="org.springframework.test.context.testng.AbstractTestNGSpringContextTests.springTestContextBeforeTestClass" finished-at="2015-12-06T12:30:23Z">
          <reporter-output>
          </reporter-output>
        </test-method> <!-- springTestContextPrepareTestInstance -->
        <test-method status="PASS" signature="springTestContextBeforeTestMethod(java.lang.reflect.Method)[pri:0, instance:com.dongduong.springmvc.test.dao.EmployeeDaoImplTest@694c68ff]" name="springTestContextBeforeTestMethod" is-config="true" duration-ms="37" started-at="2015-12-06T12:30:23Z" finished-at="2015-12-06T12:30:23Z">
          <params>
            <param index="0">
              <value>
                <![CDATA[public void com.dongduong.springmvc.test.dao.EmployeeDaoImplTest.deleteEmployeeByInvalidSsn()]]>
              </value>
            </param>
          </params>
          <reporter-output>
          </reporter-output>
        </test-method> <!-- springTestContextBeforeTestMethod -->
        <test-method status="PASS" signature="setUp()[pri:0, instance:com.dongduong.springmvc.test.dao.EmployeeDaoImplTest@694c68ff]" name="setUp" is-config="true" duration-ms="110" started-at="2015-12-06T12:30:23Z" finished-at="2015-12-06T12:30:23Z">
          <reporter-output>
          </reporter-output>
        </test-method> <!-- setUp -->
        <test-method status="PASS" signature="deleteEmployeeByInvalidSsn()[pri:0, instance:com.dongduong.springmvc.test.dao.EmployeeDaoImplTest@694c68ff]" name="deleteEmployeeByInvalidSsn" duration-ms="91" started-at="2015-12-06T12:30:23Z" finished-at="2015-12-06T12:30:24Z">
          <reporter-output>
          </reporter-output>
        </test-method> <!-- deleteEmployeeByInvalidSsn -->
        <test-method status="PASS" signature="springTestContextAfterTestMethod(java.lang.reflect.Method)[pri:0, instance:com.dongduong.springmvc.test.dao.EmployeeDaoImplTest@694c68ff]" name="springTestContextAfterTestMethod" is-config="true" duration-ms="7" started-at="2015-12-06T12:30:24Z" finished-at="2015-12-06T12:30:24Z">
          <params>
            <param index="0">
              <value>
                <![CDATA[public void com.dongduong.springmvc.test.dao.EmployeeDaoImplTest.deleteEmployeeByInvalidSsn()]]>
              </value>
            </param>
          </params>
          <reporter-output>
          </reporter-output>
        </test-method> <!-- springTestContextAfterTestMethod -->
        <test-method status="PASS" signature="springTestContextBeforeTestMethod(java.lang.reflect.Method)[pri:0, instance:com.dongduong.springmvc.test.dao.EmployeeDaoImplTest@694c68ff]" name="springTestContextBeforeTestMethod" is-config="true" duration-ms="2" started-at="2015-12-06T12:30:24Z" finished-at="2015-12-06T12:30:24Z">
          <params>
            <param index="0">
              <value>
                <![CDATA[public void com.dongduong.springmvc.test.dao.EmployeeDaoImplTest.deleteEmployeeBySsn()]]>
              </value>
            </param>
          </params>
          <reporter-output>
          </reporter-output>
        </test-method> <!-- springTestContextBeforeTestMethod -->
        <test-method status="PASS" signature="setUp()[pri:0, instance:com.dongduong.springmvc.test.dao.EmployeeDaoImplTest@694c68ff]" name="setUp" is-config="true" duration-ms="7" started-at="2015-12-06T12:30:24Z" finished-at="2015-12-06T12:30:24Z">
          <reporter-output>
          </reporter-output>
        </test-method> <!-- setUp -->
        <test-method status="PASS" signature="deleteEmployeeBySsn()[pri:0, instance:com.dongduong.springmvc.test.dao.EmployeeDaoImplTest@694c68ff]" name="deleteEmployeeBySsn" duration-ms="2" started-at="2015-12-06T12:30:24Z" finished-at="2015-12-06T12:30:24Z">
          <reporter-output>
          </reporter-output>
        </test-method> <!-- deleteEmployeeBySsn -->
        <test-method status="PASS" signature="springTestContextAfterTestMethod(java.lang.reflect.Method)[pri:0, instance:com.dongduong.springmvc.test.dao.EmployeeDaoImplTest@694c68ff]" name="springTestContextAfterTestMethod" is-config="true" duration-ms="2" started-at="2015-12-06T12:30:24Z" finished-at="2015-12-06T12:30:24Z">
          <params>
            <param index="0">
              <value>
                <![CDATA[public void com.dongduong.springmvc.test.dao.EmployeeDaoImplTest.deleteEmployeeBySsn()]]>
              </value>
            </param>
          </params>
          <reporter-output>
          </reporter-output>
        </test-method> <!-- springTestContextAfterTestMethod -->
        <test-method status="PASS" signature="springTestContextBeforeTestMethod(java.lang.reflect.Method)[pri:0, instance:com.dongduong.springmvc.test.dao.EmployeeDaoImplTest@694c68ff]" name="springTestContextBeforeTestMethod" is-config="true" duration-ms="2" started-at="2015-12-06T12:30:24Z" finished-at="2015-12-06T12:30:24Z">
          <params>
            <param index="0">
              <value>
                <![CDATA[public void com.dongduong.springmvc.test.dao.EmployeeDaoImplTest.findAllEmployees()]]>
              </value>
            </param>
          </params>
          <reporter-output>
          </reporter-output>
        </test-method> <!-- springTestContextBeforeTestMethod -->
        <test-method status="PASS" signature="setUp()[pri:0, instance:com.dongduong.springmvc.test.dao.EmployeeDaoImplTest@694c68ff]" name="setUp" is-config="true" duration-ms="7" started-at="2015-12-06T12:30:24Z" finished-at="2015-12-06T12:30:24Z">
          <reporter-output>
          </reporter-output>
        </test-method> <!-- setUp -->
        <test-method status="PASS" signature="findAllEmployees()[pri:0, instance:com.dongduong.springmvc.test.dao.EmployeeDaoImplTest@694c68ff]" name="findAllEmployees" duration-ms="3" started-at="2015-12-06T12:30:24Z" finished-at="2015-12-06T12:30:24Z">
          <reporter-output>
          </reporter-output>
        </test-method> <!-- findAllEmployees -->
        <test-method status="PASS" signature="springTestContextAfterTestMethod(java.lang.reflect.Method)[pri:0, instance:com.dongduong.springmvc.test.dao.EmployeeDaoImplTest@694c68ff]" name="springTestContextAfterTestMethod" is-config="true" duration-ms="4" started-at="2015-12-06T12:30:24Z" finished-at="2015-12-06T12:30:24Z">
          <params>
            <param index="0">
              <value>
                <![CDATA[public void com.dongduong.springmvc.test.dao.EmployeeDaoImplTest.findAllEmployees()]]>
              </value>
            </param>
          </params>
          <reporter-output>
          </reporter-output>
        </test-method> <!-- springTestContextAfterTestMethod -->
        <test-method status="PASS" signature="springTestContextBeforeTestMethod(java.lang.reflect.Method)[pri:0, instance:com.dongduong.springmvc.test.dao.EmployeeDaoImplTest@694c68ff]" name="springTestContextBeforeTestMethod" is-config="true" duration-ms="3" started-at="2015-12-06T12:30:24Z" finished-at="2015-12-06T12:30:24Z">
          <params>
            <param index="0">
              <value>
                <![CDATA[public void com.dongduong.springmvc.test.dao.EmployeeDaoImplTest.findById()]]>
              </value>
            </param>
          </params>
          <reporter-output>
          </reporter-output>
        </test-method> <!-- springTestContextBeforeTestMethod -->
        <test-method status="PASS" signature="setUp()[pri:0, instance:com.dongduong.springmvc.test.dao.EmployeeDaoImplTest@694c68ff]" name="setUp" is-config="true" duration-ms="8" started-at="2015-12-06T12:30:24Z" finished-at="2015-12-06T12:30:24Z">
          <reporter-output>
          </reporter-output>
        </test-method> <!-- setUp -->
        <test-method status="PASS" signature="findById()[pri:0, instance:com.dongduong.springmvc.test.dao.EmployeeDaoImplTest@694c68ff]" name="findById" duration-ms="8" started-at="2015-12-06T12:30:24Z" finished-at="2015-12-06T12:30:24Z">
          <reporter-output>
          </reporter-output>
        </test-method> <!-- findById -->
        <test-method status="PASS" signature="springTestContextAfterTestMethod(java.lang.reflect.Method)[pri:0, instance:com.dongduong.springmvc.test.dao.EmployeeDaoImplTest@694c68ff]" name="springTestContextAfterTestMethod" is-config="true" duration-ms="3" started-at="2015-12-06T12:30:24Z" finished-at="2015-12-06T12:30:24Z">
          <params>
            <param index="0">
              <value>
                <![CDATA[public void com.dongduong.springmvc.test.dao.EmployeeDaoImplTest.findById()]]>
              </value>
            </param>
          </params>
          <reporter-output>
          </reporter-output>
        </test-method> <!-- springTestContextAfterTestMethod -->
        <test-method status="PASS" signature="springTestContextBeforeTestMethod(java.lang.reflect.Method)[pri:0, instance:com.dongduong.springmvc.test.dao.EmployeeDaoImplTest@694c68ff]" name="springTestContextBeforeTestMethod" is-config="true" duration-ms="3" started-at="2015-12-06T12:30:24Z" finished-at="2015-12-06T12:30:24Z">
          <params>
            <param index="0">
              <value>
                <![CDATA[public void com.dongduong.springmvc.test.dao.EmployeeDaoImplTest.findEmployeeBySsn()]]>
              </value>
            </param>
          </params>
          <reporter-output>
          </reporter-output>
        </test-method> <!-- springTestContextBeforeTestMethod -->
        <test-method status="PASS" signature="setUp()[pri:0, instance:com.dongduong.springmvc.test.dao.EmployeeDaoImplTest@694c68ff]" name="setUp" is-config="true" duration-ms="8" started-at="2015-12-06T12:30:24Z" finished-at="2015-12-06T12:30:24Z">
          <reporter-output>
          </reporter-output>
        </test-method> <!-- setUp -->
        <test-method status="PASS" signature="findEmployeeBySsn()[pri:0, instance:com.dongduong.springmvc.test.dao.EmployeeDaoImplTest@694c68ff]" name="findEmployeeBySsn" duration-ms="10" started-at="2015-12-06T12:30:24Z" finished-at="2015-12-06T12:30:24Z">
          <reporter-output>
          </reporter-output>
        </test-method> <!-- findEmployeeBySsn -->
        <test-method status="PASS" signature="springTestContextAfterTestMethod(java.lang.reflect.Method)[pri:0, instance:com.dongduong.springmvc.test.dao.EmployeeDaoImplTest@694c68ff]" name="springTestContextAfterTestMethod" is-config="true" duration-ms="3" started-at="2015-12-06T12:30:24Z" finished-at="2015-12-06T12:30:24Z">
          <params>
            <param index="0">
              <value>
                <![CDATA[public void com.dongduong.springmvc.test.dao.EmployeeDaoImplTest.findEmployeeBySsn()]]>
              </value>
            </param>
          </params>
          <reporter-output>
          </reporter-output>
        </test-method> <!-- springTestContextAfterTestMethod -->
        <test-method status="PASS" signature="springTestContextBeforeTestMethod(java.lang.reflect.Method)[pri:0, instance:com.dongduong.springmvc.test.dao.EmployeeDaoImplTest@694c68ff]" name="springTestContextBeforeTestMethod" is-config="true" duration-ms="3" started-at="2015-12-06T12:30:24Z" finished-at="2015-12-06T12:30:24Z">
          <params>
            <param index="0">
              <value>
                <![CDATA[public void com.dongduong.springmvc.test.dao.EmployeeDaoImplTest.saveEmployee()]]>
              </value>
            </param>
          </params>
          <reporter-output>
          </reporter-output>
        </test-method> <!-- springTestContextBeforeTestMethod -->
        <test-method status="PASS" signature="setUp()[pri:0, instance:com.dongduong.springmvc.test.dao.EmployeeDaoImplTest@694c68ff]" name="setUp" is-config="true" duration-ms="7" started-at="2015-12-06T12:30:24Z" finished-at="2015-12-06T12:30:24Z">
          <reporter-output>
          </reporter-output>
        </test-method> <!-- setUp -->
        <test-method status="PASS" signature="saveEmployee()[pri:0, instance:com.dongduong.springmvc.test.dao.EmployeeDaoImplTest@694c68ff]" name="saveEmployee" duration-ms="29" started-at="2015-12-06T12:30:24Z" finished-at="2015-12-06T12:30:24Z">
          <reporter-output>
          </reporter-output>
        </test-method> <!-- saveEmployee -->
        <test-method status="PASS" signature="springTestContextAfterTestMethod(java.lang.reflect.Method)[pri:0, instance:com.dongduong.springmvc.test.dao.EmployeeDaoImplTest@694c68ff]" name="springTestContextAfterTestMethod" is-config="true" duration-ms="2" started-at="2015-12-06T12:30:24Z" finished-at="2015-12-06T12:30:24Z">
          <params>
            <param index="0">
              <value>
                <![CDATA[public void com.dongduong.springmvc.test.dao.EmployeeDaoImplTest.saveEmployee()]]>
              </value>
            </param>
          </params>
          <reporter-output>
          </reporter-output>
        </test-method> <!-- springTestContextAfterTestMethod -->
        <test-method status="PASS" signature="springTestContextAfterTestClass()[pri:0, instance:com.dongduong.springmvc.test.dao.EmployeeDaoImplTest@694c68ff]" name="springTestContextAfterTestClass" is-config="true" duration-ms="0" started-at="2015-12-06T12:30:24Z" finished-at="2015-12-06T12:30:24Z">
          <reporter-output>
          </reporter-output>
        </test-method> <!-- springTestContextAfterTestClass -->
      </class> <!-- com.dongduong.springmvc.test.dao.EmployeeDaoImplTest -->
      <class name="com.dongduong.springmvc.test.controller.AppControllerTest">
        <test-method status="PASS" signature="setUp()[pri:0, instance:com.dongduong.springmvc.test.controller.AppControllerTest@14a99367]" name="setUp" is-config="true" duration-ms="34" started-at="2015-12-06T12:30:24Z" finished-at="2015-12-06T12:30:24Z">
          <reporter-output>
          </reporter-output>
        </test-method> <!-- setUp -->
        <test-method status="PASS" signature="deleteEmployee()[pri:0, instance:com.dongduong.springmvc.test.controller.AppControllerTest@14a99367]" name="deleteEmployee" duration-ms="1" started-at="2015-12-06T12:30:24Z" finished-at="2015-12-06T12:30:24Z">
          <reporter-output>
          </reporter-output>
        </test-method> <!-- deleteEmployee -->
        <test-method status="PASS" signature="editEmployee()[pri:0, instance:com.dongduong.springmvc.test.controller.AppControllerTest@14a99367]" name="editEmployee" duration-ms="18" started-at="2015-12-06T12:30:24Z" finished-at="2015-12-06T12:30:24Z">
          <reporter-output>
          </reporter-output>
        </test-method> <!-- editEmployee -->
        <test-method status="PASS" signature="listEmployees()[pri:0, instance:com.dongduong.springmvc.test.controller.AppControllerTest@14a99367]" name="listEmployees" duration-ms="2" started-at="2015-12-06T12:30:24Z" finished-at="2015-12-06T12:30:24Z">
          <reporter-output>
          </reporter-output>
        </test-method> <!-- listEmployees -->
        <test-method status="PASS" signature="newEmployee()[pri:0, instance:com.dongduong.springmvc.test.controller.AppControllerTest@14a99367]" name="newEmployee" duration-ms="0" started-at="2015-12-06T12:30:24Z" finished-at="2015-12-06T12:30:24Z">
          <reporter-output>
          </reporter-output>
        </test-method> <!-- newEmployee -->
        <test-method status="PASS" signature="saveEmployeeWithSuccess()[pri:0, instance:com.dongduong.springmvc.test.controller.AppControllerTest@14a99367]" name="saveEmployeeWithSuccess" duration-ms="1" started-at="2015-12-06T12:30:24Z" finished-at="2015-12-06T12:30:24Z">
          <reporter-output>
          </reporter-output>
        </test-method> <!-- saveEmployeeWithSuccess -->
        <test-method status="PASS" signature="saveEmployeeWithValidationError()[pri:0, instance:com.dongduong.springmvc.test.controller.AppControllerTest@14a99367]" name="saveEmployeeWithValidationError" duration-ms="1" started-at="2015-12-06T12:30:24Z" finished-at="2015-12-06T12:30:24Z">
          <reporter-output>
          </reporter-output>
        </test-method> <!-- saveEmployeeWithValidationError -->
        <test-method status="PASS" signature="saveEmployeeWithValidationErrorNonUniqueSSN()[pri:0, instance:com.dongduong.springmvc.test.controller.AppControllerTest@14a99367]" name="saveEmployeeWithValidationErrorNonUniqueSSN" duration-ms="1" started-at="2015-12-06T12:30:24Z" finished-at="2015-12-06T12:30:24Z">
          <reporter-output>
          </reporter-output>
        </test-method> <!-- saveEmployeeWithValidationErrorNonUniqueSSN -->
        <test-method status="PASS" signature="updateEmployeeWithSuccess()[pri:0, instance:com.dongduong.springmvc.test.controller.AppControllerTest@14a99367]" name="updateEmployeeWithSuccess" duration-ms="1" started-at="2015-12-06T12:30:24Z" finished-at="2015-12-06T12:30:24Z">
          <reporter-output>
          </reporter-output>
        </test-method> <!-- updateEmployeeWithSuccess -->
        <test-method status="PASS" signature="updateEmployeeWithValidationError()[pri:0, instance:com.dongduong.springmvc.test.controller.AppControllerTest@14a99367]" name="updateEmployeeWithValidationError" duration-ms="0" started-at="2015-12-06T12:30:24Z" finished-at="2015-12-06T12:30:24Z">
          <reporter-output>
          </reporter-output>
        </test-method> <!-- updateEmployeeWithValidationError -->
        <test-method status="PASS" signature="updateEmployeeWithValidationErrorNonUniqueSSN()[pri:0, instance:com.dongduong.springmvc.test.controller.AppControllerTest@14a99367]" name="updateEmployeeWithValidationErrorNonUniqueSSN" duration-ms="1" started-at="2015-12-06T12:30:24Z" finished-at="2015-12-06T12:30:24Z">
          <reporter-output>
          </reporter-output>
        </test-method> <!-- updateEmployeeWithValidationErrorNonUniqueSSN -->
      </class> <!-- com.dongduong.springmvc.test.controller.AppControllerTest -->
      <class name="com.dongduong.springmvc.test.service.EmployeeServiceImplTest">
        <test-method status="PASS" signature="setUp()[pri:0, instance:com.dongduong.springmvc.test.service.EmployeeServiceImplTest@24b08b13]" name="setUp" is-config="true" duration-ms="172" started-at="2015-12-06T12:30:24Z" finished-at="2015-12-06T12:30:24Z">
          <reporter-output>
          </reporter-output>
        </test-method> <!-- setUp -->
        <test-method status="PASS" signature="deleteEmployeeBySsn()[pri:0, instance:com.dongduong.springmvc.test.service.EmployeeServiceImplTest@24b08b13]" name="deleteEmployeeBySsn" duration-ms="9" started-at="2015-12-06T12:30:24Z" finished-at="2015-12-06T12:30:24Z">
          <reporter-output>
          </reporter-output>
        </test-method> <!-- deleteEmployeeBySsn -->
        <test-method status="PASS" signature="findAllEmployees()[pri:0, instance:com.dongduong.springmvc.test.service.EmployeeServiceImplTest@24b08b13]" name="findAllEmployees" duration-ms="1" started-at="2015-12-06T12:30:24Z" finished-at="2015-12-06T12:30:24Z">
          <reporter-output>
          </reporter-output>
        </test-method> <!-- findAllEmployees -->
        <test-method status="PASS" signature="findById()[pri:0, instance:com.dongduong.springmvc.test.service.EmployeeServiceImplTest@24b08b13]" name="findById" duration-ms="1" started-at="2015-12-06T12:30:24Z" finished-at="2015-12-06T12:30:24Z">
          <reporter-output>
          </reporter-output>
        </test-method> <!-- findById -->
        <test-method status="PASS" signature="isEmployeeSsnUnique()[pri:0, instance:com.dongduong.springmvc.test.service.EmployeeServiceImplTest@24b08b13]" name="isEmployeeSsnUnique" duration-ms="1" started-at="2015-12-06T12:30:24Z" finished-at="2015-12-06T12:30:24Z">
          <reporter-output>
          </reporter-output>
        </test-method> <!-- isEmployeeSsnUnique -->
        <test-method status="PASS" signature="findEmployeeBySsn()[pri:0, instance:com.dongduong.springmvc.test.service.EmployeeServiceImplTest@24b08b13]" name="findEmployeeBySsn" duration-ms="0" started-at="2015-12-06T12:30:24Z" finished-at="2015-12-06T12:30:24Z">
          <reporter-output>
          </reporter-output>
        </test-method> <!-- findEmployeeBySsn -->
        <test-method status="PASS" signature="saveEmployee()[pri:0, instance:com.dongduong.springmvc.test.service.EmployeeServiceImplTest@24b08b13]" name="saveEmployee" duration-ms="0" started-at="2015-12-06T12:30:24Z" finished-at="2015-12-06T12:30:24Z">
          <reporter-output>
          </reporter-output>
        </test-method> <!-- saveEmployee -->
        <test-method status="PASS" signature="updateEmployee()[pri:0, instance:com.dongduong.springmvc.test.service.EmployeeServiceImplTest@24b08b13]" name="updateEmployee" duration-ms="2" started-at="2015-12-06T12:30:24Z" finished-at="2015-12-06T12:30:24Z">
          <reporter-output>
          </reporter-output>
        </test-method> <!-- updateEmployee -->
      </class> <!-- com.dongduong.springmvc.test.service.EmployeeServiceImplTest -->
    </test> <!-- Default test -->
  </suite> <!-- Default suite -->
</testng-results>
