<?xml version="1.0" encoding="UTF-8"?>
<!-- Generated by org.testng.reporters.JUnitXMLReporter -->
<testsuite hostname="DONGDUONG-PC" name="Default test" tests="23" failures="0" timestamp="6 Dec 2015 05:30:24 GMT" time="2.033" errors="0">
  <testcase name="deleteEmployeeByInvalidSsn" time="0.091" classname="com.dongduong.springmvc.test.dao.EmployeeDaoImplTest"/>
  <testcase name="deleteEmployeeBySsn" time="0.002" classname="com.dongduong.springmvc.test.dao.EmployeeDaoImplTest"/>
  <testcase name="findAllEmployees" time="0.003" classname="com.dongduong.springmvc.test.dao.EmployeeDaoImplTest"/>
  <testcase name="findById" time="0.008" classname="com.dongduong.springmvc.test.dao.EmployeeDaoImplTest"/>
  <testcase name="findEmployeeBySsn" time="0.01" classname="com.dongduong.springmvc.test.dao.EmployeeDaoImplTest"/>
  <testcase name="saveEmployee" time="0.029" classname="com.dongduong.springmvc.test.dao.EmployeeDaoImplTest"/>
  <testcase name="deleteEmployeeBySsn" time="0.009" classname="com.dongduong.springmvc.test.service.EmployeeServiceImplTest"/>
  <testcase name="findAllEmployees" time="0.001" classname="com.dongduong.springmvc.test.service.EmployeeServiceImplTest"/>
  <testcase name="findById" time="0.001" classname="com.dongduong.springmvc.test.service.EmployeeServiceImplTest"/>
  <testcase name="findEmployeeBySsn" time="0.0" classname="com.dongduong.springmvc.test.service.EmployeeServiceImplTest"/>
  <testcase name="isEmployeeSsnUnique" time="0.001" classname="com.dongduong.springmvc.test.service.EmployeeServiceImplTest"/>
  <testcase name="saveEmployee" time="0.0" classname="com.dongduong.springmvc.test.service.EmployeeServiceImplTest"/>
  <testcase name="updateEmployee" time="0.002" classname="com.dongduong.springmvc.test.service.EmployeeServiceImplTest"/>
  <testcase name="deleteEmployee" time="0.001" classname="com.dongduong.springmvc.test.controller.AppControllerTest"/>
  <testcase name="editEmployee" time="0.018" classname="com.dongduong.springmvc.test.controller.AppControllerTest"/>
  <testcase name="listEmployees" time="0.002" classname="com.dongduong.springmvc.test.controller.AppControllerTest"/>
  <testcase name="newEmployee" time="0.0" classname="com.dongduong.springmvc.test.controller.AppControllerTest"/>
  <testcase name="saveEmployeeWithSuccess" time="0.001" classname="com.dongduong.springmvc.test.controller.AppControllerTest"/>
  <testcase name="saveEmployeeWithValidationError" time="0.001" classname="com.dongduong.springmvc.test.controller.AppControllerTest"/>
  <testcase name="saveEmployeeWithValidationErrorNonUniqueSSN" time="0.001" classname="com.dongduong.springmvc.test.controller.AppControllerTest"/>
  <testcase name="updateEmployeeWithSuccess" time="0.001" classname="com.dongduong.springmvc.test.controller.AppControllerTest"/>
  <testcase name="updateEmployeeWithValidationError" time="0.0" classname="com.dongduong.springmvc.test.controller.AppControllerTest"/>
  <testcase name="updateEmployeeWithValidationErrorNonUniqueSSN" time="0.001" classname="com.dongduong.springmvc.test.controller.AppControllerTest"/>
</testsuite> <!-- Default test -->
